kotlin version: 2.0.21
error message: Incremental compilation failed: C:\Users\Ulbossya\AndroidStudioProjects\SauLifeApp\app\build\kotlin\compileDebugKotlin\cacheable\dirty-sources.txt: –Я—А–Њ—Ж–µ—Б—Б –љ–µ –Љ–Њ–ґ–µ—В –њ–Њ–ї—Г—З–Є—В—М –і–Њ—Б—В—Г–њ –Ї —Д–∞–є–ї—Г, —В–∞–Ї –Ї–∞–Ї —Н—В–Њ—В —Д–∞–є–ї –Ј–∞–љ—П—В –і—А—Г–≥–Є–Љ –њ—А–Њ—Ж–µ—Б—Б–Њ–Љ
java.nio.file.FileSystemException: C:\Users\Ulbossya\AndroidStudioProjects\SauLifeApp\app\build\kotlin\compileDebugKotlin\cacheable\dirty-sources.txt: –Я—А–Њ—Ж–µ—Б—Б –љ–µ –Љ–Њ–ґ–µ—В –њ–Њ–ї—Г—З–Є—В—М –і–Њ—Б—В—Г–њ –Ї —Д–∞–є–ї—Г, —В–∞–Ї –Ї–∞–Ї —Н—В–Њ—В —Д–∞–є–ї –Ј–∞–љ—П—В –і—А—Г–≥–Є–Љ –њ—А–Њ—Ж–µ—Б—Б–Њ–Љ
	at java.base/sun.nio.fs.WindowsException.translateToIOException(Unknown Source)
	at java.base/sun.nio.fs.WindowsException.rethrowAsIOException(Unknown Source)
	at java.base/sun.nio.fs.WindowsException.rethrowAsIOException(Unknown Source)
	at java.base/sun.nio.fs.WindowsFileSystemProvider.implDelete(Unknown Source)
	at java.base/sun.nio.fs.AbstractFileSystemProvider.delete(Unknown Source)
	at java.base/java.nio.file.Files.delete(Unknown Source)
	at org.jetbrains.kotlin.incremental.RecoverableCompilationTransaction.deleteFile(CompilationTransaction.kt:198)
	at org.jetbrains.kotlin.incremental.IncrementalCompilerRunner.doCompile(IncrementalCompilerRunner.kt:539)
	at org.jetbrains.kotlin.incremental.IncrementalCompilerRunner.compileImpl(IncrementalCompilerRunner.kt:423)
	at org.jetbrains.kotlin.incremental.IncrementalCompilerRunner.tryCompileIncrementally$lambda$9$compile(IncrementalCompilerRunner.kt:249)
	at org.jetbrains.kotlin.incremental.IncrementalCompilerRunner.tryCompileIncrementally(IncrementalCompilerRunner.kt:267)
	at org.jetbrains.kotlin.incremental.IncrementalCompilerRunner.compile(IncrementalCompilerRunner.kt:120)
	at org.jetbrains.kotlin.daemon.CompileServiceImplBase.execIncrementalCompiler(CompileServiceImpl.kt:675)
	at org.jetbrains.kotlin.daemon.CompileServiceImplBase.access$execIncrementalCompiler(CompileServiceImpl.kt:92)
	at org.jetbrains.kotlin.daemon.CompileServiceImpl.compile(CompileServiceImpl.kt:1660)
	at java.base/jdk.internal.reflect.DirectMethodHandleAccessor.invoke(Unknown Source)
	at java.base/java.lang.reflect.Method.invoke(Unknown Source)
	at java.rmi/sun.rmi.server.UnicastServerRef.dispatch(Unknown Source)
	at java.rmi/sun.rmi.transport.Transport$1.run(Unknown Source)
	at java.rmi/sun.rmi.transport.Transport$1.run(Unknown Source)
	at java.base/java.security.AccessController.doPrivileged(Unknown Source)
	at java.rmi/sun.rmi.transport.Transport.serviceCall(Unknown Source)
	at java.rmi/sun.rmi.transport.tcp.TCPTransport.handleMessages(Unknown Source)
	at java.rmi/sun.rmi.transport.tcp.TCPTransport$ConnectionHandler.run0(Unknown Source)
	at java.rmi/sun.rmi.transport.tcp.TCPTransport$ConnectionHandler.lambda$run$0(Unknown Source)
	at java.base/java.security.AccessController.doPrivileged(Unknown Source)
	at java.rmi/sun.rmi.transport.tcp.TCPTransport$ConnectionHandler.run(Unknown Source)
	at java.base/java.util.concurrent.ThreadPoolExecutor.runWorker(Unknown Source)
	at java.base/java.util.concurrent.ThreadPoolExecutor$Worker.run(Unknown Source)
	at java.base/java.lang.Thread.run(Unknown Source)


